<?xml version="1.0" encoding="UTF-8"?>
<!-- Generated by org.testng.reporters.JUnitReportReporter -->
<testsuite hostname="Siddu" failures="0" tests="2" name="sukhadaSF.tests.SubmitOrder" time="21.865" errors="0" timestamp="2023-03-20T16:02:21 CET" skipped="0">
  <testcase classname="sukhadaSF.tests.SubmitOrder" name="submitOrder" time="9.145"/>
  <system-out/>
  <testcase classname="sukhadaSF.tests.SubmitOrder" name="submitOrder" time="12.720"/>
  <system-out/>
</testsuite> <!-- sukhadaSF.tests.SubmitOrder -->
